

================================================================
== Vivado HLS Report for 'conv3x3_bn_act432'
================================================================
* Date:           Mon Sep  6 00:44:51 2021

* Version:        2019.2.1 (Build 2724168 on Thu Dec 05 05:19:09 MST 2019)
* Project:        ultranet
* Solution:       solution1
* Product family: virtexuplus
* Target device:  xcu280-fsvh2892-2L-e


================================================================
== Performance Estimates
================================================================
+ Timing: 
    * Summary: 
    +--------+---------+----------+------------+
    |  Clock |  Target | Estimated| Uncertainty|
    +--------+---------+----------+------------+
    |ap_clk  | 5.00 ns | 4.328 ns |   0.62 ns  |
    +--------+---------+----------+------------+

+ Latency: 
    * Summary: 
    +---------+---------+----------+----------+-------+--------+----------+
    |  Latency (cycles) |  Latency (absolute) |    Interval    | Pipeline |
    |   min   |   max   |    min   |    max   |  min  |   max  |   Type   |
    +---------+---------+----------+----------+-------+--------+----------+
    |    57617|   230416| 0.288 ms | 1.152 ms |  57609|  230409| dataflow |
    +---------+---------+----------+----------+-------+--------+----------+

    + Detail: 
        * Instance: 
        +----------------------------+-------------------------+---------+---------+----------+----------+-------+--------+---------+
        |                            |                         |  Latency (cycles) |  Latency (absolute) |    Interval    | Pipeline|
        |          Instance          |          Module         |   min   |   max   |    min   |    max   |  min  |   max  |   Type  |
        +----------------------------+-------------------------+---------+---------+----------+----------+-------+--------+---------+
        |SWU429435_U0                |SWU429435                |     1842|   130562| 9.210 us | 0.653 ms |   1842|  130562|   none  |
        |matrix_vector_act_un_2_U0   |matrix_vector_act_un_2   |    57608|   230408| 0.288 ms | 1.152 ms |  57608|  230408|   none  |
        |StreamingDataWidthCo_12_U0  |StreamingDataWidthCo_12  |       23|      643| 0.115 us | 3.215 us |     23|     643|   none  |
        |StreamingDataWidthCo_1_U0   |StreamingDataWidthCo_1   |       23|      643| 0.115 us | 3.215 us |     23|     643|   none  |
        |padding428434559_U0         |padding428434559         |      930|      930| 4.650 us | 4.650 us |    930|     930|   none  |
        +----------------------------+-------------------------+---------+---------+----------+----------+-------+--------+---------+

        * Loop: 
        N/A



================================================================
== Utilization Estimates
================================================================
* Summary: 
+---------------------+---------+-------+---------+---------+-----+
|         Name        | BRAM_18K| DSP48E|    FF   |   LUT   | URAM|
+---------------------+---------+-------+---------+---------+-----+
|DSP                  |        -|      -|        -|        -|    -|
|Expression           |        -|      -|        0|        6|    -|
|FIFO                 |        0|      -|       40|      776|    -|
|Instance             |       23|     24|     2589|     3422|    0|
|Memory               |        -|      -|        -|        -|    -|
|Multiplexer          |        -|      -|        -|        9|    -|
|Register             |        -|      -|        1|        -|    -|
+---------------------+---------+-------+---------+---------+-----+
|Total                |       23|     24|     2630|     4213|    0|
+---------------------+---------+-------+---------+---------+-----+
|Available SLR        |     1344|   3008|   869120|   434560|  320|
+---------------------+---------+-------+---------+---------+-----+
|Utilization SLR (%)  |        1|   ~0  |    ~0   |    ~0   |    0|
+---------------------+---------+-------+---------+---------+-----+
|Available            |     4032|   9024|  2607360|  1303680|  960|
+---------------------+---------+-------+---------+---------+-----+
|Utilization (%)      |    ~0   |   ~0  |    ~0   |    ~0   |    0|
+---------------------+---------+-------+---------+---------+-----+

+ Detail: 
    * Instance: 
    +----------------------------+-------------------------+---------+-------+-----+------+-----+
    |          Instance          |          Module         | BRAM_18K| DSP48E|  FF |  LUT | URAM|
    +----------------------------+-------------------------+---------+-------+-----+------+-----+
    |SWU429435_U0                |SWU429435                |        8|      4|  490|  1314|    0|
    |StreamingDataWidthCo_1_U0   |StreamingDataWidthCo_1   |        0|      2|  375|   239|    0|
    |StreamingDataWidthCo_12_U0  |StreamingDataWidthCo_12  |        0|      2|  354|   326|    0|
    |matrix_vector_act_un_2_U0   |matrix_vector_act_un_2   |       15|     16|  978|  1175|    0|
    |padding428434559_U0         |padding428434559         |        0|      0|  392|   368|    0|
    +----------------------------+-------------------------+---------+-------+-----+------+-----+
    |Total                       |                         |       23|     24| 2589|  3422|    0|
    +----------------------------+-------------------------+---------+-------+-----+------+-----+

    * DSP48E: 
    N/A

    * Memory: 
    N/A

    * FIFO: 
    +-------------------+---------+---+----+-----+------+-----+---------+
    |        Name       | BRAM_18K| FF| LUT| URAM| Depth| Bits| Size:D*B|
    +-------------------+---------+---+----+-----+------+-----+---------+
    |adj_out_V_V_U      |        0|  5|   0|    -|     2|   32|       64|
    |mvau_out_V_V_U     |        0|  5|   0|    -|     2|    8|       16|
    |padding_out_V_V_U  |        0|  5|   0|    -|     2|  256|      512|
    |reps_c1_i_U        |        0|  5|   0|    -|     2|   32|       64|
    |reps_c2_i_U        |        0|  5|   0|    -|     2|   32|       64|
    |reps_c3_i_U        |        0|  5|   0|    -|     2|   32|       64|
    |reps_c_i_U         |        0|  5|   0|    -|     2|   32|       64|
    |swu_out_V_V_U      |        0|  5|   0|    -|     2|  256|      512|
    +-------------------+---------+---+----+-----+------+-----+---------+
    |Total              |        0| 40|   0|    0|    16|  680|     1360|
    +-------------------+---------+---+----+-----+------+-----+---------+

    * Expression: 
    +------------------+----------+-------+---+----+------------+------------+
    |   Variable Name  | Operation| DSP48E| FF| LUT| Bitwidth P0| Bitwidth P1|
    +------------------+----------+-------+---+----+------------+------------+
    |ap_idle           |    and   |      0|  0|   2|           1|           1|
    |ap_sync_continue  |    and   |      0|  0|   2|           1|           1|
    |ap_sync_done      |    and   |      0|  0|   2|           1|           1|
    +------------------+----------+-------+---+----+------------+------------+
    |Total             |          |      0|  0|   6|           3|           3|
    +------------------+----------+-------+---+----+------------+------------+

    * Multiplexer: 
    +------------+----+-----------+-----+-----------+
    |    Name    | LUT| Input Size| Bits| Total Bits|
    +------------+----+-----------+-----+-----------+
    |real_start  |   9|          2|    1|          2|
    +------------+----+-----------+-----+-----------+
    |Total       |   9|          2|    1|          2|
    +------------+----+-----------+-----+-----------+

    * Register: 
    +----------------+---+----+-----+-----------+
    |      Name      | FF| LUT| Bits| Const Bits|
    +----------------+---+----+-----+-----------+
    |start_once_reg  |  1|   0|    1|          0|
    +----------------+---+----+-----+-----------+
    |Total           |  1|   0|    1|          0|
    +----------------+---+----+-----+-----------+



================================================================
== Interface
================================================================
* Summary: 
+-----------------+-----+-----+------------+-------------------+--------------+
|    RTL Ports    | Dir | Bits|  Protocol  |   Source Object   |    C Type    |
+-----------------+-----+-----+------------+-------------------+--------------+
|ap_start         |  in |    1| ap_ctrl_hs | conv3x3_bn_act432 | return value |
|start_full_n     |  in |    1| ap_ctrl_hs | conv3x3_bn_act432 | return value |
|start_out        | out |    1| ap_ctrl_hs | conv3x3_bn_act432 | return value |
|start_write      | out |    1| ap_ctrl_hs | conv3x3_bn_act432 | return value |
|ap_clk           |  in |    1| ap_ctrl_hs | conv3x3_bn_act432 | return value |
|ap_rst           |  in |    1| ap_ctrl_hs | conv3x3_bn_act432 | return value |
|ap_done          | out |    1| ap_ctrl_hs | conv3x3_bn_act432 | return value |
|ap_ready         | out |    1| ap_ctrl_hs | conv3x3_bn_act432 | return value |
|ap_idle          | out |    1| ap_ctrl_hs | conv3x3_bn_act432 | return value |
|ap_continue      |  in |    1| ap_ctrl_hs | conv3x3_bn_act432 | return value |
|in_V_V_dout      |  in |  256|   ap_fifo  |       in_V_V      |    pointer   |
|in_V_V_empty_n   |  in |    1|   ap_fifo  |       in_V_V      |    pointer   |
|in_V_V_read      | out |    1|   ap_fifo  |       in_V_V      |    pointer   |
|out_V_V_din      | out |  256|   ap_fifo  |      out_V_V      |    pointer   |
|out_V_V_full_n   |  in |    1|   ap_fifo  |      out_V_V      |    pointer   |
|out_V_V_write    | out |    1|   ap_fifo  |      out_V_V      |    pointer   |
|reps_dout        |  in |   32|   ap_fifo  |        reps       |    pointer   |
|reps_empty_n     |  in |    1|   ap_fifo  |        reps       |    pointer   |
|reps_read        | out |    1|   ap_fifo  |        reps       |    pointer   |
|reps_out_din     | out |   32|   ap_fifo  |      reps_out     |    pointer   |
|reps_out_full_n  |  in |    1|   ap_fifo  |      reps_out     |    pointer   |
|reps_out_write   | out |    1|   ap_fifo  |      reps_out     |    pointer   |
+-----------------+-----+-----+------------+-------------------+--------------+

