

================================================================
== Vivado HLS Report for 'ExtractPixels'
================================================================
* Date:           Mon Sep  6 00:44:03 2021

* Version:        2019.2.1 (Build 2724168 on Thu Dec 05 05:19:09 MST 2019)
* Project:        ultranet
* Solution:       solution1
* Product family: virtexuplus
* Target device:  xcu280-fsvh2892-2L-e


================================================================
== Performance Estimates
================================================================
+ Timing: 
    * Summary: 
    +--------+---------+----------+------------+
    |  Clock |  Target | Estimated| Uncertainty|
    +--------+---------+----------+------------+
    |ap_clk  | 5.00 ns | 3.170 ns |   0.62 ns  |
    +--------+---------+----------+------------+

+ Latency: 
    * Summary: 
    +---------+---------+----------+----------+-----+-----+---------+
    |  Latency (cycles) |  Latency (absolute) |  Interval | Pipeline|
    |   min   |   max   |    min   |    max   | min | max |   Type  |
    +---------+---------+----------+----------+-----+-----+---------+
    |       22|      642| 0.110 us | 3.210 us |   22|  642|   none  |
    +---------+---------+----------+----------+-----+-----+---------+

    + Detail: 
        * Instance: 
        N/A

        * Loop: 
        +----------+---------+---------+----------+-----------+-----------+----------+----------+
        |          |  Latency (cycles) | Iteration|  Initiation Interval  |   Trip   |          |
        | Loop Name|   min   |   max   |  Latency |  achieved |   target  |   Count  | Pipelined|
        +----------+---------+---------+----------+-----------+-----------+----------+----------+
        |- Loop 1  |       20|      640|         2|          1|          1| 20 ~ 640 |    yes   |
        +----------+---------+---------+----------+-----------+-----------+----------+----------+



================================================================
== Utilization Estimates
================================================================
* Summary: 
+---------------------+---------+-------+---------+---------+-----+
|         Name        | BRAM_18K| DSP48E|    FF   |   LUT   | URAM|
+---------------------+---------+-------+---------+---------+-----+
|DSP                  |        -|      -|        -|        -|    -|
|Expression           |        -|      2|        0|       84|    -|
|FIFO                 |        -|      -|        -|        -|    -|
|Instance             |        -|      -|        -|        -|    -|
|Memory               |        -|      -|        -|        -|    -|
|Multiplexer          |        -|      -|        -|       90|    -|
|Register             |        -|      -|      129|        -|    -|
+---------------------+---------+-------+---------+---------+-----+
|Total                |        0|      2|      129|      174|    0|
+---------------------+---------+-------+---------+---------+-----+
|Available SLR        |     1344|   3008|   869120|   434560|  320|
+---------------------+---------+-------+---------+---------+-----+
|Utilization SLR (%)  |        0|   ~0  |    ~0   |    ~0   |    0|
+---------------------+---------+-------+---------+---------+-----+
|Available            |     4032|   9024|  2607360|  1303680|  960|
+---------------------+---------+-------+---------+---------+-----+
|Utilization (%)      |        0|   ~0  |    ~0   |    ~0   |    0|
+---------------------+---------+-------+---------+---------+-----+

+ Detail: 
    * Instance: 
    N/A

    * DSP48E: 
    N/A

    * Memory: 
    N/A

    * FIFO: 
    N/A

    * Expression: 
    +----------------------------------+----------+-------+---+----+------------+------------+
    |           Variable Name          | Operation| DSP48E| FF| LUT| Bitwidth P0| Bitwidth P1|
    +----------------------------------+----------+-------+---+----+------------+------------+
    |mul_ln69_fu_102_p2                |     *    |      2|  0|  20|          32|          17|
    |rep_fu_113_p2                     |     +    |      0|  0|  32|          32|           1|
    |ap_block_state2_pp0_stage0_iter0  |    and   |      0|  0|   2|           1|           1|
    |ap_block_state3_pp0_stage0_iter1  |    and   |      0|  0|   2|           1|           1|
    |icmp_ln69_fu_108_p2               |   icmp   |      0|  0|  20|          32|          32|
    |ap_block_pp0_stage0_01001         |    or    |      0|  0|   2|           1|           1|
    |ap_block_state1                   |    or    |      0|  0|   2|           1|           1|
    |ap_enable_pp0                     |    xor   |      0|  0|   2|           1|           2|
    |ap_enable_reg_pp0_iter1           |    xor   |      0|  0|   2|           2|           1|
    +----------------------------------+----------+-------+---+----+------------+------------+
    |Total                             |          |      2|  0|  84|         103|          57|
    +----------------------------------+----------+-------+---+----+------------+------------+

    * Multiplexer: 
    +-------------------------+----+-----------+-----+-----------+
    |           Name          | LUT| Input Size| Bits| Total Bits|
    +-------------------------+----+-----------+-----+-----------+
    |ap_NS_fsm                |  21|          4|    1|          4|
    |ap_done                  |   9|          2|    1|          2|
    |ap_enable_reg_pp0_iter1  |  15|          3|    1|          3|
    |in_r_TDATA_blk_n         |   9|          2|    1|          2|
    |out_V_V_blk_n            |   9|          2|    1|          2|
    |real_start               |   9|          2|    1|          2|
    |rep_0_i_reg_91           |   9|          2|   32|         64|
    |reps_out_blk_n           |   9|          2|    1|          2|
    +-------------------------+----+-----------+-----+-----------+
    |Total                    |  90|         19|   39|         81|
    +-------------------------+----+-----------+-----+-----------+

    * Register: 
    +-------------------------+----+----+-----+-----------+
    |           Name          | FF | LUT| Bits| Const Bits|
    +-------------------------+----+----+-----+-----------+
    |ap_CS_fsm                |   3|   0|    3|          0|
    |ap_done_reg              |   1|   0|    1|          0|
    |ap_enable_reg_pp0_iter0  |   1|   0|    1|          0|
    |ap_enable_reg_pp0_iter1  |   1|   0|    1|          0|
    |icmp_ln69_reg_128        |   1|   0|    1|          0|
    |mul_ln69_reg_123         |  25|   0|   32|          7|
    |rep_0_i_reg_91           |  32|   0|   32|          0|
    |start_once_reg           |   1|   0|    1|          0|
    |tmp_data_V_reg_137       |  64|   0|   64|          0|
    +-------------------------+----+----+-----+-----------+
    |Total                    | 129|   0|  136|          7|
    +-------------------------+----+----+-----+-----------+



================================================================
== Interface
================================================================
* Summary: 
+-----------------+-----+-----+------------+---------------+--------------+
|    RTL Ports    | Dir | Bits|  Protocol  | Source Object |    C Type    |
+-----------------+-----+-----+------------+---------------+--------------+
|ap_clk           |  in |    1| ap_ctrl_hs | ExtractPixels | return value |
|ap_rst           |  in |    1| ap_ctrl_hs | ExtractPixels | return value |
|ap_start         |  in |    1| ap_ctrl_hs | ExtractPixels | return value |
|start_full_n     |  in |    1| ap_ctrl_hs | ExtractPixels | return value |
|ap_done          | out |    1| ap_ctrl_hs | ExtractPixels | return value |
|ap_continue      |  in |    1| ap_ctrl_hs | ExtractPixels | return value |
|ap_idle          | out |    1| ap_ctrl_hs | ExtractPixels | return value |
|ap_ready         | out |    1| ap_ctrl_hs | ExtractPixels | return value |
|start_out        | out |    1| ap_ctrl_hs | ExtractPixels | return value |
|start_write      | out |    1| ap_ctrl_hs | ExtractPixels | return value |
|in_r_TDATA       |  in |   64|    axis    |  in_V_data_V  |    pointer   |
|in_r_TVALID      |  in |    1|    axis    |  in_V_data_V  |    pointer   |
|in_r_TREADY      | out |    1|    axis    |  in_V_keep_V  |    pointer   |
|in_r_TKEEP       |  in |    8|    axis    |  in_V_keep_V  |    pointer   |
|in_r_TLAST       |  in |    1|    axis    |  in_V_last_V  |    pointer   |
|out_V_V_din      | out |   64|   ap_fifo  |    out_V_V    |    pointer   |
|out_V_V_full_n   |  in |    1|   ap_fifo  |    out_V_V    |    pointer   |
|out_V_V_write    | out |    1|   ap_fifo  |    out_V_V    |    pointer   |
|reps             |  in |   32|   ap_none  |      reps     |    scalar    |
|reps_out_din     | out |   32|   ap_fifo  |    reps_out   |    pointer   |
|reps_out_full_n  |  in |    1|   ap_fifo  |    reps_out   |    pointer   |
|reps_out_write   | out |    1|   ap_fifo  |    reps_out   |    pointer   |
+-----------------+-----+-----+------------+---------------+--------------+

