

================================================================
== Vivado HLS Report for 'max_pool2d'
================================================================
* Date:           Mon Sep  6 00:44:34 2021

* Version:        2019.2.1 (Build 2724168 on Thu Dec 05 05:19:09 MST 2019)
* Project:        ultranet
* Solution:       solution1
* Product family: virtexuplus
* Target device:  xcu280-fsvh2892-2L-e


================================================================
== Performance Estimates
================================================================
+ Timing: 
    * Summary: 
    +--------+---------+----------+------------+
    |  Clock |  Target | Estimated| Uncertainty|
    +--------+---------+----------+------------+
    |ap_clk  | 5.00 ns | 3.923 ns |   0.62 ns  |
    +--------+---------+----------+------------+

+ Latency: 
    * Summary: 
    +---------+---------+----------+----------+-------+--------+----------+
    |  Latency (cycles) |  Latency (absolute) |    Interval    | Pipeline |
    |   min   |   max   |    min   |    max   |  min  |   max  |   Type   |
    +---------+---------+----------+----------+-------+--------+----------+
    |    57606|   230406| 0.288 ms | 1.152 ms |  57604|  230404| dataflow |
    +---------+---------+----------+----------+-------+--------+----------+

    + Detail: 
        * Instance: 
        +---------------+------------+---------+---------+-----------+----------+-------+--------+---------+
        |               |            |  Latency (cycles) |  Latency (absolute)  |    Interval    | Pipeline|
        |    Instance   |   Module   |   min   |   max   |    min    |    max   |  min  |   max  |   Type  |
        +---------------+------------+---------+---------+-----------+----------+-------+--------+---------+
        |SWU556_U0      |SWU556      |     6561|   155201| 32.805 us | 0.776 ms |   6561|  155201|   none  |
        |pool_cal_1_U0  |pool_cal_1  |    57603|   230403|  0.288 ms | 1.152 ms |  57603|  230403|   none  |
        +---------------+------------+---------+---------+-----------+----------+-------+--------+---------+

        * Loop: 
        N/A



================================================================
== Utilization Estimates
================================================================
* Summary: 
+---------------------+---------+-------+---------+---------+-----+
|         Name        | BRAM_18K| DSP48E|    FF   |   LUT   | URAM|
+---------------------+---------+-------+---------+---------+-----+
|DSP                  |        -|      -|        -|        -|    -|
|Expression           |        -|      -|        0|        6|    -|
|FIFO                 |        0|      -|       10|      312|    -|
|Instance             |        8|      2|      807|     2414|    0|
|Memory               |        -|      -|        -|        -|    -|
|Multiplexer          |        -|      -|        -|        9|    -|
|Register             |        -|      -|        1|        -|    -|
+---------------------+---------+-------+---------+---------+-----+
|Total                |        8|      2|      818|     2741|    0|
+---------------------+---------+-------+---------+---------+-----+
|Available SLR        |     1344|   3008|   869120|   434560|  320|
+---------------------+---------+-------+---------+---------+-----+
|Utilization SLR (%)  |    ~0   |   ~0  |    ~0   |    ~0   |    0|
+---------------------+---------+-------+---------+---------+-----+
|Available            |     4032|   9024|  2607360|  1303680|  960|
+---------------------+---------+-------+---------+---------+-----+
|Utilization (%)      |    ~0   |   ~0  |    ~0   |    ~0   |    0|
+---------------------+---------+-------+---------+---------+-----+

+ Detail: 
    * Instance: 
    +---------------+------------+---------+-------+-----+------+-----+
    |    Instance   |   Module   | BRAM_18K| DSP48E|  FF |  LUT | URAM|
    +---------------+------------+---------+-------+-----+------+-----+
    |SWU556_U0      |SWU556      |        8|      0|  424|  1343|    0|
    |pool_cal_1_U0  |pool_cal_1  |        0|      2|  383|  1071|    0|
    +---------------+------------+---------+-------+-----+------+-----+
    |Total          |            |        8|      2|  807|  2414|    0|
    +---------------+------------+---------+-------+-----+------+-----+

    * DSP48E: 
    N/A

    * Memory: 
    N/A

    * FIFO: 
    +---------------+---------+---+----+-----+------+-----+---------+
    |      Name     | BRAM_18K| FF| LUT| URAM| Depth| Bits| Size:D*B|
    +---------------+---------+---+----+-----+------+-----+---------+
    |reps_c_i_U     |        0|  5|   0|    -|     2|   32|       64|
    |swu_out_V_V_U  |        0|  5|   0|    -|     2|  256|      512|
    +---------------+---------+---+----+-----+------+-----+---------+
    |Total          |        0| 10|   0|    0|     4|  288|      576|
    +---------------+---------+---+----+-----+------+-----+---------+

    * Expression: 
    +------------------+----------+-------+---+----+------------+------------+
    |   Variable Name  | Operation| DSP48E| FF| LUT| Bitwidth P0| Bitwidth P1|
    +------------------+----------+-------+---+----+------------+------------+
    |ap_idle           |    and   |      0|  0|   2|           1|           1|
    |ap_sync_continue  |    and   |      0|  0|   2|           1|           1|
    |ap_sync_done      |    and   |      0|  0|   2|           1|           1|
    +------------------+----------+-------+---+----+------------+------------+
    |Total             |          |      0|  0|   6|           3|           3|
    +------------------+----------+-------+---+----+------------+------------+

    * Multiplexer: 
    +------------+----+-----------+-----+-----------+
    |    Name    | LUT| Input Size| Bits| Total Bits|
    +------------+----+-----------+-----+-----------+
    |real_start  |   9|          2|    1|          2|
    +------------+----+-----------+-----+-----------+
    |Total       |   9|          2|    1|          2|
    +------------+----+-----------+-----+-----------+

    * Register: 
    +----------------+---+----+-----+-----------+
    |      Name      | FF| LUT| Bits| Const Bits|
    +----------------+---+----+-----+-----------+
    |start_once_reg  |  1|   0|    1|          0|
    +----------------+---+----+-----+-----------+
    |Total           |  1|   0|    1|          0|
    +----------------+---+----+-----+-----------+



================================================================
== Interface
================================================================
* Summary: 
+-----------------+-----+-----+------------+--------------+--------------+
|    RTL Ports    | Dir | Bits|  Protocol  | Source Object|    C Type    |
+-----------------+-----+-----+------------+--------------+--------------+
|ap_start         |  in |    1| ap_ctrl_hs |  max_pool2d  | return value |
|start_full_n     |  in |    1| ap_ctrl_hs |  max_pool2d  | return value |
|start_out        | out |    1| ap_ctrl_hs |  max_pool2d  | return value |
|start_write      | out |    1| ap_ctrl_hs |  max_pool2d  | return value |
|ap_clk           |  in |    1| ap_ctrl_hs |  max_pool2d  | return value |
|ap_rst           |  in |    1| ap_ctrl_hs |  max_pool2d  | return value |
|ap_done          | out |    1| ap_ctrl_hs |  max_pool2d  | return value |
|ap_ready         | out |    1| ap_ctrl_hs |  max_pool2d  | return value |
|ap_idle          | out |    1| ap_ctrl_hs |  max_pool2d  | return value |
|ap_continue      |  in |    1| ap_ctrl_hs |  max_pool2d  | return value |
|in_V_V_dout      |  in |  256|   ap_fifo  |    in_V_V    |    pointer   |
|in_V_V_empty_n   |  in |    1|   ap_fifo  |    in_V_V    |    pointer   |
|in_V_V_read      | out |    1|   ap_fifo  |    in_V_V    |    pointer   |
|out_V_V_din      | out |  256|   ap_fifo  |    out_V_V   |    pointer   |
|out_V_V_full_n   |  in |    1|   ap_fifo  |    out_V_V   |    pointer   |
|out_V_V_write    | out |    1|   ap_fifo  |    out_V_V   |    pointer   |
|reps_dout        |  in |   32|   ap_fifo  |     reps     |    pointer   |
|reps_empty_n     |  in |    1|   ap_fifo  |     reps     |    pointer   |
|reps_read        | out |    1|   ap_fifo  |     reps     |    pointer   |
|reps_out_din     | out |   32|   ap_fifo  |   reps_out   |    pointer   |
|reps_out_full_n  |  in |    1|   ap_fifo  |   reps_out   |    pointer   |
|reps_out_write   | out |    1|   ap_fifo  |   reps_out   |    pointer   |
+-----------------+-----+-----+------------+--------------+--------------+

