

================================================================
== Vivado HLS Report for 'pool_cal_1'
================================================================
* Date:           Mon Sep  6 00:44:33 2021

* Version:        2019.2.1 (Build 2724168 on Thu Dec 05 05:19:09 MST 2019)
* Project:        ultranet
* Solution:       solution1
* Product family: virtexuplus
* Target device:  xcu280-fsvh2892-2L-e


================================================================
== Performance Estimates
================================================================
+ Timing: 
    * Summary: 
    +--------+---------+----------+------------+
    |  Clock |  Target | Estimated| Uncertainty|
    +--------+---------+----------+------------+
    |ap_clk  | 5.00 ns | 3.923 ns |   0.62 ns  |
    +--------+---------+----------+------------+

+ Latency: 
    * Summary: 
    +---------+---------+----------+----------+-------+--------+---------+
    |  Latency (cycles) |  Latency (absolute) |    Interval    | Pipeline|
    |   min   |   max   |    min   |    max   |  min  |   max  |   Type  |
    +---------+---------+----------+----------+-------+--------+---------+
    |    57603|   230403| 0.288 ms | 1.152 ms |  57603|  230403|   none  |
    +---------+---------+----------+----------+-------+--------+---------+

    + Detail: 
        * Instance: 
        N/A

        * Loop: 
        +----------+---------+---------+----------+-----------+-----------+----------------+----------+
        |          |  Latency (cycles) | Iteration|  Initiation Interval  |      Trip      |          |
        | Loop Name|   min   |   max   |  Latency |  achieved |   target  |      Count     | Pipelined|
        +----------+---------+---------+----------+-----------+-----------+----------------+----------+
        |- Loop 1  |    57600|   230400|         2|          1|          1| 57600 ~ 230400 |    yes   |
        +----------+---------+---------+----------+-----------+-----------+----------------+----------+



================================================================
== Utilization Estimates
================================================================
* Summary: 
+---------------------+---------+-------+---------+---------+-----+
|         Name        | BRAM_18K| DSP48E|    FF   |   LUT   | URAM|
+---------------------+---------+-------+---------+---------+-----+
|DSP                  |        -|      -|        -|        -|    -|
|Expression           |        -|      2|        0|      966|    -|
|FIFO                 |        -|      -|        -|        -|    -|
|Instance             |        -|      -|        -|        -|    -|
|Memory               |        -|      -|        -|        -|    -|
|Multiplexer          |        -|      -|        -|      105|    -|
|Register             |        -|      -|      383|        -|    -|
+---------------------+---------+-------+---------+---------+-----+
|Total                |        0|      2|      383|     1071|    0|
+---------------------+---------+-------+---------+---------+-----+
|Available SLR        |     1344|   3008|   869120|   434560|  320|
+---------------------+---------+-------+---------+---------+-----+
|Utilization SLR (%)  |        0|   ~0  |    ~0   |    ~0   |    0|
+---------------------+---------+-------+---------+---------+-----+
|Available            |     4032|   9024|  2607360|  1303680|  960|
+---------------------+---------+-------+---------+---------+-----+
|Utilization (%)      |        0|   ~0  |    ~0   |    ~0   |    0|
+---------------------+---------+-------+---------+---------+-----+

+ Detail: 
    * Instance: 
    N/A

    * DSP48E: 
    N/A

    * Memory: 
    N/A

    * FIFO: 
    N/A

    * Expression: 
    +----------------------------------+----------+-------+---+----+------------+------------+
    |           Variable Name          | Operation| DSP48E| FF| LUT| Bitwidth P0| Bitwidth P1|
    +----------------------------------+----------+-------+---+----+------------+------------+
    |mul_ln23_fu_350_p2                |     *    |      2|  0|  20|          32|          14|
    |k_cnt_fu_369_p2                   |     +    |      0|  0|  32|           1|          32|
    |rep_fu_360_p2                     |     +    |      0|  0|  32|          32|           1|
    |ap_block_pp0_stage0_01001         |    and   |      0|  0|   2|           1|           1|
    |icmp_ln23_fu_355_p2               |   icmp   |      0|  0|  20|          32|          32|
    |icmp_ln38_fu_375_p2               |   icmp   |      0|  0|  20|          32|           3|
    |icmp_ln895_100_fu_2233_p2         |   icmp   |      0|  0|   9|           4|           4|
    |icmp_ln895_101_fu_2267_p2         |   icmp   |      0|  0|   9|           4|           4|
    |icmp_ln895_102_fu_2301_p2         |   icmp   |      0|  0|   9|           4|           4|
    |icmp_ln895_103_fu_2335_p2         |   icmp   |      0|  0|   9|           4|           4|
    |icmp_ln895_104_fu_2369_p2         |   icmp   |      0|  0|   9|           4|           4|
    |icmp_ln895_105_fu_2403_p2         |   icmp   |      0|  0|   9|           4|           4|
    |icmp_ln895_106_fu_2437_p2         |   icmp   |      0|  0|   9|           4|           4|
    |icmp_ln895_107_fu_2471_p2         |   icmp   |      0|  0|   9|           4|           4|
    |icmp_ln895_108_fu_2505_p2         |   icmp   |      0|  0|   9|           4|           4|
    |icmp_ln895_109_fu_2539_p2         |   icmp   |      0|  0|   9|           4|           4|
    |icmp_ln895_47_fu_431_p2           |   icmp   |      0|  0|   9|           4|           4|
    |icmp_ln895_48_fu_465_p2           |   icmp   |      0|  0|   9|           4|           4|
    |icmp_ln895_49_fu_499_p2           |   icmp   |      0|  0|   9|           4|           4|
    |icmp_ln895_50_fu_533_p2           |   icmp   |      0|  0|   9|           4|           4|
    |icmp_ln895_51_fu_567_p2           |   icmp   |      0|  0|   9|           4|           4|
    |icmp_ln895_52_fu_601_p2           |   icmp   |      0|  0|   9|           4|           4|
    |icmp_ln895_53_fu_635_p2           |   icmp   |      0|  0|   9|           4|           4|
    |icmp_ln895_54_fu_669_p2           |   icmp   |      0|  0|   9|           4|           4|
    |icmp_ln895_55_fu_703_p2           |   icmp   |      0|  0|   9|           4|           4|
    |icmp_ln895_56_fu_737_p2           |   icmp   |      0|  0|   9|           4|           4|
    |icmp_ln895_57_fu_771_p2           |   icmp   |      0|  0|   9|           4|           4|
    |icmp_ln895_58_fu_805_p2           |   icmp   |      0|  0|   9|           4|           4|
    |icmp_ln895_59_fu_839_p2           |   icmp   |      0|  0|   9|           4|           4|
    |icmp_ln895_60_fu_873_p2           |   icmp   |      0|  0|   9|           4|           4|
    |icmp_ln895_61_fu_907_p2           |   icmp   |      0|  0|   9|           4|           4|
    |icmp_ln895_62_fu_941_p2           |   icmp   |      0|  0|   9|           4|           4|
    |icmp_ln895_63_fu_975_p2           |   icmp   |      0|  0|   9|           4|           4|
    |icmp_ln895_64_fu_1009_p2          |   icmp   |      0|  0|   9|           4|           4|
    |icmp_ln895_65_fu_1043_p2          |   icmp   |      0|  0|   9|           4|           4|
    |icmp_ln895_66_fu_1077_p2          |   icmp   |      0|  0|   9|           4|           4|
    |icmp_ln895_67_fu_1111_p2          |   icmp   |      0|  0|   9|           4|           4|
    |icmp_ln895_68_fu_1145_p2          |   icmp   |      0|  0|   9|           4|           4|
    |icmp_ln895_69_fu_1179_p2          |   icmp   |      0|  0|   9|           4|           4|
    |icmp_ln895_70_fu_1213_p2          |   icmp   |      0|  0|   9|           4|           4|
    |icmp_ln895_71_fu_1247_p2          |   icmp   |      0|  0|   9|           4|           4|
    |icmp_ln895_72_fu_1281_p2          |   icmp   |      0|  0|   9|           4|           4|
    |icmp_ln895_73_fu_1315_p2          |   icmp   |      0|  0|   9|           4|           4|
    |icmp_ln895_74_fu_1349_p2          |   icmp   |      0|  0|   9|           4|           4|
    |icmp_ln895_75_fu_1383_p2          |   icmp   |      0|  0|   9|           4|           4|
    |icmp_ln895_76_fu_1417_p2          |   icmp   |      0|  0|   9|           4|           4|
    |icmp_ln895_77_fu_1451_p2          |   icmp   |      0|  0|   9|           4|           4|
    |icmp_ln895_78_fu_1485_p2          |   icmp   |      0|  0|   9|           4|           4|
    |icmp_ln895_79_fu_1519_p2          |   icmp   |      0|  0|   9|           4|           4|
    |icmp_ln895_80_fu_1553_p2          |   icmp   |      0|  0|   9|           4|           4|
    |icmp_ln895_81_fu_1587_p2          |   icmp   |      0|  0|   9|           4|           4|
    |icmp_ln895_82_fu_1621_p2          |   icmp   |      0|  0|   9|           4|           4|
    |icmp_ln895_83_fu_1655_p2          |   icmp   |      0|  0|   9|           4|           4|
    |icmp_ln895_84_fu_1689_p2          |   icmp   |      0|  0|   9|           4|           4|
    |icmp_ln895_85_fu_1723_p2          |   icmp   |      0|  0|   9|           4|           4|
    |icmp_ln895_86_fu_1757_p2          |   icmp   |      0|  0|   9|           4|           4|
    |icmp_ln895_87_fu_1791_p2          |   icmp   |      0|  0|   9|           4|           4|
    |icmp_ln895_88_fu_1825_p2          |   icmp   |      0|  0|   9|           4|           4|
    |icmp_ln895_89_fu_1859_p2          |   icmp   |      0|  0|   9|           4|           4|
    |icmp_ln895_90_fu_1893_p2          |   icmp   |      0|  0|   9|           4|           4|
    |icmp_ln895_91_fu_1927_p2          |   icmp   |      0|  0|   9|           4|           4|
    |icmp_ln895_92_fu_1961_p2          |   icmp   |      0|  0|   9|           4|           4|
    |icmp_ln895_93_fu_1995_p2          |   icmp   |      0|  0|   9|           4|           4|
    |icmp_ln895_94_fu_2029_p2          |   icmp   |      0|  0|   9|           4|           4|
    |icmp_ln895_95_fu_2063_p2          |   icmp   |      0|  0|   9|           4|           4|
    |icmp_ln895_96_fu_2097_p2          |   icmp   |      0|  0|   9|           4|           4|
    |icmp_ln895_97_fu_2131_p2          |   icmp   |      0|  0|   9|           4|           4|
    |icmp_ln895_98_fu_2165_p2          |   icmp   |      0|  0|   9|           4|           4|
    |icmp_ln895_99_fu_2199_p2          |   icmp   |      0|  0|   9|           4|           4|
    |icmp_ln895_fu_397_p2              |   icmp   |      0|  0|   9|           4|           4|
    |ap_block_state1                   |    or    |      0|  0|   2|           1|           1|
    |ap_block_state4_pp0_stage0_iter1  |    or    |      0|  0|   2|           1|           1|
    |select_ln35_100_fu_2239_p3        |  select  |      0|  0|   4|           1|           4|
    |select_ln35_101_fu_2273_p3        |  select  |      0|  0|   4|           1|           4|
    |select_ln35_102_fu_2307_p3        |  select  |      0|  0|   4|           1|           4|
    |select_ln35_103_fu_2341_p3        |  select  |      0|  0|   4|           1|           4|
    |select_ln35_104_fu_2375_p3        |  select  |      0|  0|   4|           1|           4|
    |select_ln35_105_fu_2409_p3        |  select  |      0|  0|   4|           1|           4|
    |select_ln35_106_fu_2443_p3        |  select  |      0|  0|   4|           1|           4|
    |select_ln35_107_fu_2477_p3        |  select  |      0|  0|   4|           1|           4|
    |select_ln35_108_fu_2511_p3        |  select  |      0|  0|   4|           1|           4|
    |select_ln35_109_fu_2545_p3        |  select  |      0|  0|   4|           1|           4|
    |select_ln35_47_fu_437_p3          |  select  |      0|  0|   4|           1|           4|
    |select_ln35_48_fu_471_p3          |  select  |      0|  0|   4|           1|           4|
    |select_ln35_49_fu_505_p3          |  select  |      0|  0|   4|           1|           4|
    |select_ln35_50_fu_539_p3          |  select  |      0|  0|   4|           1|           4|
    |select_ln35_51_fu_573_p3          |  select  |      0|  0|   4|           1|           4|
    |select_ln35_52_fu_607_p3          |  select  |      0|  0|   4|           1|           4|
    |select_ln35_53_fu_641_p3          |  select  |      0|  0|   4|           1|           4|
    |select_ln35_54_fu_675_p3          |  select  |      0|  0|   4|           1|           4|
    |select_ln35_55_fu_709_p3          |  select  |      0|  0|   4|           1|           4|
    |select_ln35_56_fu_743_p3          |  select  |      0|  0|   4|           1|           4|
    |select_ln35_57_fu_777_p3          |  select  |      0|  0|   4|           1|           4|
    |select_ln35_58_fu_811_p3          |  select  |      0|  0|   4|           1|           4|
    |select_ln35_59_fu_845_p3          |  select  |      0|  0|   4|           1|           4|
    |select_ln35_60_fu_879_p3          |  select  |      0|  0|   4|           1|           4|
    |select_ln35_61_fu_913_p3          |  select  |      0|  0|   4|           1|           4|
    |select_ln35_62_fu_947_p3          |  select  |      0|  0|   4|           1|           4|
    |select_ln35_63_fu_981_p3          |  select  |      0|  0|   4|           1|           4|
    |select_ln35_64_fu_1015_p3         |  select  |      0|  0|   4|           1|           4|
    |select_ln35_65_fu_1049_p3         |  select  |      0|  0|   4|           1|           4|
    |select_ln35_66_fu_1083_p3         |  select  |      0|  0|   4|           1|           4|
    |select_ln35_67_fu_1117_p3         |  select  |      0|  0|   4|           1|           4|
    |select_ln35_68_fu_1151_p3         |  select  |      0|  0|   4|           1|           4|
    |select_ln35_69_fu_1185_p3         |  select  |      0|  0|   4|           1|           4|
    |select_ln35_70_fu_1219_p3         |  select  |      0|  0|   4|           1|           4|
    |select_ln35_71_fu_1253_p3         |  select  |      0|  0|   4|           1|           4|
    |select_ln35_72_fu_1287_p3         |  select  |      0|  0|   4|           1|           4|
    |select_ln35_73_fu_1321_p3         |  select  |      0|  0|   4|           1|           4|
    |select_ln35_74_fu_1355_p3         |  select  |      0|  0|   4|           1|           4|
    |select_ln35_75_fu_1389_p3         |  select  |      0|  0|   4|           1|           4|
    |select_ln35_76_fu_1423_p3         |  select  |      0|  0|   4|           1|           4|
    |select_ln35_77_fu_1457_p3         |  select  |      0|  0|   4|           1|           4|
    |select_ln35_78_fu_1491_p3         |  select  |      0|  0|   4|           1|           4|
    |select_ln35_79_fu_1525_p3         |  select  |      0|  0|   4|           1|           4|
    |select_ln35_80_fu_1559_p3         |  select  |      0|  0|   4|           1|           4|
    |select_ln35_81_fu_1593_p3         |  select  |      0|  0|   4|           1|           4|
    |select_ln35_82_fu_1627_p3         |  select  |      0|  0|   4|           1|           4|
    |select_ln35_83_fu_1661_p3         |  select  |      0|  0|   4|           1|           4|
    |select_ln35_84_fu_1695_p3         |  select  |      0|  0|   4|           1|           4|
    |select_ln35_85_fu_1729_p3         |  select  |      0|  0|   4|           1|           4|
    |select_ln35_86_fu_1763_p3         |  select  |      0|  0|   4|           1|           4|
    |select_ln35_87_fu_1797_p3         |  select  |      0|  0|   4|           1|           4|
    |select_ln35_88_fu_1831_p3         |  select  |      0|  0|   4|           1|           4|
    |select_ln35_89_fu_1865_p3         |  select  |      0|  0|   4|           1|           4|
    |select_ln35_90_fu_1899_p3         |  select  |      0|  0|   4|           1|           4|
    |select_ln35_91_fu_1933_p3         |  select  |      0|  0|   4|           1|           4|
    |select_ln35_92_fu_1967_p3         |  select  |      0|  0|   4|           1|           4|
    |select_ln35_93_fu_2001_p3         |  select  |      0|  0|   4|           1|           4|
    |select_ln35_94_fu_2035_p3         |  select  |      0|  0|   4|           1|           4|
    |select_ln35_95_fu_2069_p3         |  select  |      0|  0|   4|           1|           4|
    |select_ln35_96_fu_2103_p3         |  select  |      0|  0|   4|           1|           4|
    |select_ln35_97_fu_2137_p3         |  select  |      0|  0|   4|           1|           4|
    |select_ln35_98_fu_2171_p3         |  select  |      0|  0|   4|           1|           4|
    |select_ln35_99_fu_2205_p3         |  select  |      0|  0|   4|           1|           4|
    |select_ln35_fu_403_p3             |  select  |      0|  0|   4|           1|           4|
    |ap_enable_pp0                     |    xor   |      0|  0|   2|           1|           2|
    |ap_enable_reg_pp0_iter1           |    xor   |      0|  0|   2|           2|           1|
    +----------------------------------+----------+-------+---+----+------------+------------+
    |Total                             |          |      2|  0| 966|         455|         600|
    +----------------------------------+----------+-------+---+----+------------+------------+

    * Multiplexer: 
    +-------------------------+----+-----------+-----+-----------+
    |           Name          | LUT| Input Size| Bits| Total Bits|
    +-------------------------+----+-----------+-----+-----------+
    |ap_NS_fsm                |  27|          5|    1|          5|
    |ap_done                  |   9|          2|    1|          2|
    |ap_enable_reg_pp0_iter1  |  15|          3|    1|          3|
    |k_cnt_3_fu_302           |   9|          2|   32|         64|
    |out_V_V_blk_n            |   9|          2|    1|          2|
    |rep_0_i_reg_329          |   9|          2|   32|         64|
    |reps_blk_n               |   9|          2|    1|          2|
    |tmp_V_fu_306             |   9|          2|  256|        512|
    |vec_V_V_blk_n            |   9|          2|    1|          2|
    +-------------------------+----+-----------+-----+-----------+
    |Total                    | 105|         22|  326|        656|
    +-------------------------+----+-----------+-----+-----------+

    * Register: 
    +-------------------------+-----+----+-----+-----------+
    |           Name          |  FF | LUT| Bits| Const Bits|
    +-------------------------+-----+----+-----+-----------+
    |ap_CS_fsm                |    4|   0|    4|          0|
    |ap_done_reg              |    1|   0|    1|          0|
    |ap_enable_reg_pp0_iter0  |    1|   0|    1|          0|
    |ap_enable_reg_pp0_iter1  |    1|   0|    1|          0|
    |icmp_ln38_reg_2724       |    1|   0|    1|          0|
    |k_cnt_3_fu_302           |   32|   0|   32|          0|
    |mul_ln23_reg_2710        |   23|   0|   32|          9|
    |rep_0_i_reg_329          |   32|   0|   32|          0|
    |reps_read_reg_2705       |   32|   0|   32|          0|
    |tmp_V_fu_306             |  256|   0|  256|          0|
    +-------------------------+-----+----+-----+-----------+
    |Total                    |  383|   0|  392|          9|
    +-------------------------+-----+----+-----+-----------+



================================================================
== Interface
================================================================
* Summary: 
+-----------------+-----+-----+------------+--------------+--------------+
|    RTL Ports    | Dir | Bits|  Protocol  | Source Object|    C Type    |
+-----------------+-----+-----+------------+--------------+--------------+
|ap_clk           |  in |    1| ap_ctrl_hs |  pool_cal.1  | return value |
|ap_rst           |  in |    1| ap_ctrl_hs |  pool_cal.1  | return value |
|ap_start         |  in |    1| ap_ctrl_hs |  pool_cal.1  | return value |
|ap_done          | out |    1| ap_ctrl_hs |  pool_cal.1  | return value |
|ap_continue      |  in |    1| ap_ctrl_hs |  pool_cal.1  | return value |
|ap_idle          | out |    1| ap_ctrl_hs |  pool_cal.1  | return value |
|ap_ready         | out |    1| ap_ctrl_hs |  pool_cal.1  | return value |
|vec_V_V_dout     |  in |  256|   ap_fifo  |    vec_V_V   |    pointer   |
|vec_V_V_empty_n  |  in |    1|   ap_fifo  |    vec_V_V   |    pointer   |
|vec_V_V_read     | out |    1|   ap_fifo  |    vec_V_V   |    pointer   |
|out_V_V_din      | out |  256|   ap_fifo  |    out_V_V   |    pointer   |
|out_V_V_full_n   |  in |    1|   ap_fifo  |    out_V_V   |    pointer   |
|out_V_V_write    | out |    1|   ap_fifo  |    out_V_V   |    pointer   |
|reps_dout        |  in |   32|   ap_fifo  |     reps     |    pointer   |
|reps_empty_n     |  in |    1|   ap_fifo  |     reps     |    pointer   |
|reps_read        | out |    1|   ap_fifo  |     reps     |    pointer   |
+-----------------+-----+-----+------------+--------------+--------------+

