

================================================================
== Vivado HLS Report for 'pool_cal_2'
================================================================
* Date:           Mon Sep  6 00:44:23 2021

* Version:        2019.2.1 (Build 2724168 on Thu Dec 05 05:19:09 MST 2019)
* Project:        ultranet
* Solution:       solution1
* Product family: virtexuplus
* Target device:  xcu280-fsvh2892-2L-e


================================================================
== Performance Estimates
================================================================
+ Timing: 
    * Summary: 
    +--------+---------+----------+------------+
    |  Clock |  Target | Estimated| Uncertainty|
    +--------+---------+----------+------------+
    |ap_clk  | 5.00 ns | 3.923 ns |   0.62 ns  |
    +--------+---------+----------+------------+

+ Latency: 
    * Summary: 
    +---------+---------+----------+----------+-------+--------+---------+
    |  Latency (cycles) |  Latency (absolute) |    Interval    | Pipeline|
    |   min   |   max   |    min   |    max   |  min  |   max  |   Type  |
    +---------+---------+----------+----------+-------+--------+---------+
    |    57603|   230403| 0.288 ms | 1.152 ms |  57603|  230403|   none  |
    +---------+---------+----------+----------+-------+--------+---------+

    + Detail: 
        * Instance: 
        N/A

        * Loop: 
        +----------+---------+---------+----------+-----------+-----------+----------------+----------+
        |          |  Latency (cycles) | Iteration|  Initiation Interval  |      Trip      |          |
        | Loop Name|   min   |   max   |  Latency |  achieved |   target  |      Count     | Pipelined|
        +----------+---------+---------+----------+-----------+-----------+----------------+----------+
        |- Loop 1  |    57600|   230400|         2|          1|          1| 57600 ~ 230400 |    yes   |
        +----------+---------+---------+----------+-----------+-----------+----------------+----------+



================================================================
== Utilization Estimates
================================================================
* Summary: 
+---------------------+---------+-------+---------+---------+-----+
|         Name        | BRAM_18K| DSP48E|    FF   |   LUT   | URAM|
+---------------------+---------+-------+---------+---------+-----+
|DSP                  |        -|      -|        -|        -|    -|
|Expression           |        -|      2|        0|      550|    -|
|FIFO                 |        -|      -|        -|        -|    -|
|Instance             |        -|      -|        -|        -|    -|
|Memory               |        -|      -|        -|        -|    -|
|Multiplexer          |        -|      -|        -|      105|    -|
|Register             |        -|      -|      253|        -|    -|
+---------------------+---------+-------+---------+---------+-----+
|Total                |        0|      2|      253|      655|    0|
+---------------------+---------+-------+---------+---------+-----+
|Available SLR        |     1344|   3008|   869120|   434560|  320|
+---------------------+---------+-------+---------+---------+-----+
|Utilization SLR (%)  |        0|   ~0  |    ~0   |    ~0   |    0|
+---------------------+---------+-------+---------+---------+-----+
|Available            |     4032|   9024|  2607360|  1303680|  960|
+---------------------+---------+-------+---------+---------+-----+
|Utilization (%)      |        0|   ~0  |    ~0   |    ~0   |    0|
+---------------------+---------+-------+---------+---------+-----+

+ Detail: 
    * Instance: 
    N/A

    * DSP48E: 
    N/A

    * Memory: 
    N/A

    * FIFO: 
    N/A

    * Expression: 
    +----------------------------------+----------+-------+---+----+------------+------------+
    |           Variable Name          | Operation| DSP48E| FF| LUT| Bitwidth P0| Bitwidth P1|
    +----------------------------------+----------+-------+---+----+------------+------------+
    |mul_ln23_fu_222_p2                |     *    |      2|  0|  20|          32|          16|
    |k_cnt_fu_241_p2                   |     +    |      0|  0|  32|           1|          32|
    |rep_fu_232_p2                     |     +    |      0|  0|  32|          32|           1|
    |ap_block_pp0_stage0_01001         |    and   |      0|  0|   2|           1|           1|
    |icmp_ln23_fu_227_p2               |   icmp   |      0|  0|  20|          32|          32|
    |icmp_ln38_fu_247_p2               |   icmp   |      0|  0|  20|          32|           3|
    |icmp_ln895_16_fu_303_p2           |   icmp   |      0|  0|   9|           4|           4|
    |icmp_ln895_17_fu_337_p2           |   icmp   |      0|  0|   9|           4|           4|
    |icmp_ln895_18_fu_371_p2           |   icmp   |      0|  0|   9|           4|           4|
    |icmp_ln895_19_fu_405_p2           |   icmp   |      0|  0|   9|           4|           4|
    |icmp_ln895_20_fu_439_p2           |   icmp   |      0|  0|   9|           4|           4|
    |icmp_ln895_21_fu_473_p2           |   icmp   |      0|  0|   9|           4|           4|
    |icmp_ln895_22_fu_507_p2           |   icmp   |      0|  0|   9|           4|           4|
    |icmp_ln895_23_fu_541_p2           |   icmp   |      0|  0|   9|           4|           4|
    |icmp_ln895_24_fu_575_p2           |   icmp   |      0|  0|   9|           4|           4|
    |icmp_ln895_25_fu_609_p2           |   icmp   |      0|  0|   9|           4|           4|
    |icmp_ln895_26_fu_643_p2           |   icmp   |      0|  0|   9|           4|           4|
    |icmp_ln895_27_fu_677_p2           |   icmp   |      0|  0|   9|           4|           4|
    |icmp_ln895_28_fu_711_p2           |   icmp   |      0|  0|   9|           4|           4|
    |icmp_ln895_29_fu_745_p2           |   icmp   |      0|  0|   9|           4|           4|
    |icmp_ln895_30_fu_779_p2           |   icmp   |      0|  0|   9|           4|           4|
    |icmp_ln895_31_fu_813_p2           |   icmp   |      0|  0|   9|           4|           4|
    |icmp_ln895_32_fu_847_p2           |   icmp   |      0|  0|   9|           4|           4|
    |icmp_ln895_33_fu_881_p2           |   icmp   |      0|  0|   9|           4|           4|
    |icmp_ln895_34_fu_915_p2           |   icmp   |      0|  0|   9|           4|           4|
    |icmp_ln895_35_fu_949_p2           |   icmp   |      0|  0|   9|           4|           4|
    |icmp_ln895_36_fu_983_p2           |   icmp   |      0|  0|   9|           4|           4|
    |icmp_ln895_37_fu_1017_p2          |   icmp   |      0|  0|   9|           4|           4|
    |icmp_ln895_38_fu_1051_p2          |   icmp   |      0|  0|   9|           4|           4|
    |icmp_ln895_39_fu_1085_p2          |   icmp   |      0|  0|   9|           4|           4|
    |icmp_ln895_40_fu_1119_p2          |   icmp   |      0|  0|   9|           4|           4|
    |icmp_ln895_41_fu_1153_p2          |   icmp   |      0|  0|   9|           4|           4|
    |icmp_ln895_42_fu_1187_p2          |   icmp   |      0|  0|   9|           4|           4|
    |icmp_ln895_43_fu_1221_p2          |   icmp   |      0|  0|   9|           4|           4|
    |icmp_ln895_44_fu_1255_p2          |   icmp   |      0|  0|   9|           4|           4|
    |icmp_ln895_45_fu_1289_p2          |   icmp   |      0|  0|   9|           4|           4|
    |icmp_ln895_46_fu_1323_p2          |   icmp   |      0|  0|   9|           4|           4|
    |icmp_ln895_fu_269_p2              |   icmp   |      0|  0|   9|           4|           4|
    |ap_block_state1                   |    or    |      0|  0|   2|           1|           1|
    |ap_block_state4_pp0_stage0_iter1  |    or    |      0|  0|   2|           1|           1|
    |select_ln35_16_fu_309_p3          |  select  |      0|  0|   4|           1|           4|
    |select_ln35_17_fu_343_p3          |  select  |      0|  0|   4|           1|           4|
    |select_ln35_18_fu_377_p3          |  select  |      0|  0|   4|           1|           4|
    |select_ln35_19_fu_411_p3          |  select  |      0|  0|   4|           1|           4|
    |select_ln35_20_fu_445_p3          |  select  |      0|  0|   4|           1|           4|
    |select_ln35_21_fu_479_p3          |  select  |      0|  0|   4|           1|           4|
    |select_ln35_22_fu_513_p3          |  select  |      0|  0|   4|           1|           4|
    |select_ln35_23_fu_547_p3          |  select  |      0|  0|   4|           1|           4|
    |select_ln35_24_fu_581_p3          |  select  |      0|  0|   4|           1|           4|
    |select_ln35_25_fu_615_p3          |  select  |      0|  0|   4|           1|           4|
    |select_ln35_26_fu_649_p3          |  select  |      0|  0|   4|           1|           4|
    |select_ln35_27_fu_683_p3          |  select  |      0|  0|   4|           1|           4|
    |select_ln35_28_fu_717_p3          |  select  |      0|  0|   4|           1|           4|
    |select_ln35_29_fu_751_p3          |  select  |      0|  0|   4|           1|           4|
    |select_ln35_30_fu_785_p3          |  select  |      0|  0|   4|           1|           4|
    |select_ln35_31_fu_819_p3          |  select  |      0|  0|   4|           1|           4|
    |select_ln35_32_fu_853_p3          |  select  |      0|  0|   4|           1|           4|
    |select_ln35_33_fu_887_p3          |  select  |      0|  0|   4|           1|           4|
    |select_ln35_34_fu_921_p3          |  select  |      0|  0|   4|           1|           4|
    |select_ln35_35_fu_955_p3          |  select  |      0|  0|   4|           1|           4|
    |select_ln35_36_fu_989_p3          |  select  |      0|  0|   4|           1|           4|
    |select_ln35_37_fu_1023_p3         |  select  |      0|  0|   4|           1|           4|
    |select_ln35_38_fu_1057_p3         |  select  |      0|  0|   4|           1|           4|
    |select_ln35_39_fu_1091_p3         |  select  |      0|  0|   4|           1|           4|
    |select_ln35_40_fu_1125_p3         |  select  |      0|  0|   4|           1|           4|
    |select_ln35_41_fu_1159_p3         |  select  |      0|  0|   4|           1|           4|
    |select_ln35_42_fu_1193_p3         |  select  |      0|  0|   4|           1|           4|
    |select_ln35_43_fu_1227_p3         |  select  |      0|  0|   4|           1|           4|
    |select_ln35_44_fu_1261_p3         |  select  |      0|  0|   4|           1|           4|
    |select_ln35_45_fu_1295_p3         |  select  |      0|  0|   4|           1|           4|
    |select_ln35_46_fu_1329_p3         |  select  |      0|  0|   4|           1|           4|
    |select_ln35_fu_275_p3             |  select  |      0|  0|   4|           1|           4|
    |ap_enable_pp0                     |    xor   |      0|  0|   2|           1|           2|
    |ap_enable_reg_pp0_iter1           |    xor   |      0|  0|   2|           2|           1|
    +----------------------------------+----------+-------+---+----+------------+------------+
    |Total                             |          |      2|  0| 550|         295|         346|
    +----------------------------------+----------+-------+---+----+------------+------------+

    * Multiplexer: 
    +-------------------------+----+-----------+-----+-----------+
    |           Name          | LUT| Input Size| Bits| Total Bits|
    +-------------------------+----+-----------+-----+-----------+
    |ap_NS_fsm                |  27|          5|    1|          5|
    |ap_done                  |   9|          2|    1|          2|
    |ap_enable_reg_pp0_iter1  |  15|          3|    1|          3|
    |k_cnt_2_fu_174           |   9|          2|   32|         64|
    |out_V_V_blk_n            |   9|          2|    1|          2|
    |rep_0_i_reg_201          |   9|          2|   32|         64|
    |reps_blk_n               |   9|          2|    1|          2|
    |tmp_V_fu_178             |   9|          2|  128|        256|
    |vec_V_V_blk_n            |   9|          2|    1|          2|
    +-------------------------+----+-----------+-----+-----------+
    |Total                    | 105|         22|  198|        400|
    +-------------------------+----+-----------+-----+-----------+

    * Register: 
    +-------------------------+-----+----+-----+-----------+
    |           Name          |  FF | LUT| Bits| Const Bits|
    +-------------------------+-----+----+-----+-----------+
    |ap_CS_fsm                |    4|   0|    4|          0|
    |ap_done_reg              |    1|   0|    1|          0|
    |ap_enable_reg_pp0_iter0  |    1|   0|    1|          0|
    |ap_enable_reg_pp0_iter1  |    1|   0|    1|          0|
    |icmp_ln38_reg_1444       |    1|   0|    1|          0|
    |k_cnt_2_fu_174           |   32|   0|   32|          0|
    |mul_ln23_reg_1430        |   21|   0|   32|         11|
    |rep_0_i_reg_201          |   32|   0|   32|          0|
    |reps_read_reg_1425       |   32|   0|   32|          0|
    |tmp_V_fu_178             |  128|   0|  128|          0|
    +-------------------------+-----+----+-----+-----------+
    |Total                    |  253|   0|  264|         11|
    +-------------------------+-----+----+-----+-----------+



================================================================
== Interface
================================================================
* Summary: 
+-----------------+-----+-----+------------+--------------+--------------+
|    RTL Ports    | Dir | Bits|  Protocol  | Source Object|    C Type    |
+-----------------+-----+-----+------------+--------------+--------------+
|ap_clk           |  in |    1| ap_ctrl_hs |  pool_cal.2  | return value |
|ap_rst           |  in |    1| ap_ctrl_hs |  pool_cal.2  | return value |
|ap_start         |  in |    1| ap_ctrl_hs |  pool_cal.2  | return value |
|ap_done          | out |    1| ap_ctrl_hs |  pool_cal.2  | return value |
|ap_continue      |  in |    1| ap_ctrl_hs |  pool_cal.2  | return value |
|ap_idle          | out |    1| ap_ctrl_hs |  pool_cal.2  | return value |
|ap_ready         | out |    1| ap_ctrl_hs |  pool_cal.2  | return value |
|vec_V_V_dout     |  in |  128|   ap_fifo  |    vec_V_V   |    pointer   |
|vec_V_V_empty_n  |  in |    1|   ap_fifo  |    vec_V_V   |    pointer   |
|vec_V_V_read     | out |    1|   ap_fifo  |    vec_V_V   |    pointer   |
|out_V_V_din      | out |  128|   ap_fifo  |    out_V_V   |    pointer   |
|out_V_V_full_n   |  in |    1|   ap_fifo  |    out_V_V   |    pointer   |
|out_V_V_write    | out |    1|   ap_fifo  |    out_V_V   |    pointer   |
|reps_dout        |  in |   32|   ap_fifo  |     reps     |    pointer   |
|reps_empty_n     |  in |    1|   ap_fifo  |     reps     |    pointer   |
|reps_read        | out |    1|   ap_fifo  |     reps     |    pointer   |
+-----------------+-----+-----+------------+--------------+--------------+

