

================================================================
== Vivado HLS Report for 'StreamingDataWidthCo_18'
================================================================
* Date:           Mon Sep  6 00:44:26 2021

* Version:        2019.2.1 (Build 2724168 on Thu Dec 05 05:19:09 MST 2019)
* Project:        ultranet
* Solution:       solution1
* Product family: virtexuplus
* Target device:  xcu280-fsvh2892-2L-e


================================================================
== Performance Estimates
================================================================
+ Timing: 
    * Summary: 
    +--------+---------+----------+------------+
    |  Clock |  Target | Estimated| Uncertainty|
    +--------+---------+----------+------------+
    |ap_clk  | 5.00 ns | 3.519 ns |   0.62 ns  |
    +--------+---------+----------+------------+

+ Latency: 
    * Summary: 
    +---------+---------+----------+----------+-----+-----+---------+
    |  Latency (cycles) |  Latency (absolute) |  Interval | Pipeline|
    |   min   |   max   |    min   |    max   | min | max |   Type  |
    +---------+---------+----------+----------+-----+-----+---------+
    |       23|      643| 0.115 us | 3.215 us |   23|  643|   none  |
    +---------+---------+----------+----------+-----+-----+---------+

    + Detail: 
        * Instance: 
        N/A

        * Loop: 
        +----------+---------+---------+----------+-----------+-----------+----------+----------+
        |          |  Latency (cycles) | Iteration|  Initiation Interval  |   Trip   |          |
        | Loop Name|   min   |   max   |  Latency |  achieved |   target  |   Count  | Pipelined|
        +----------+---------+---------+----------+-----------+-----------+----------+----------+
        |- Loop 1  |       20|      640|         2|          1|          1| 20 ~ 640 |    yes   |
        +----------+---------+---------+----------+-----------+-----------+----------+----------+



================================================================
== Utilization Estimates
================================================================
* Summary: 
+---------------------+---------+-------+---------+---------+-----+
|         Name        | BRAM_18K| DSP48E|    FF   |   LUT   | URAM|
+---------------------+---------+-------+---------+---------+-----+
|DSP                  |        -|      -|        -|        -|    -|
|Expression           |        -|      2|        0|      188|    -|
|FIFO                 |        -|      -|        -|        -|    -|
|Instance             |        -|      -|        -|        -|    -|
|Memory               |        -|      -|        -|        -|    -|
|Multiplexer          |        -|      -|        -|      138|    -|
|Register             |        -|      -|      192|        -|    -|
+---------------------+---------+-------+---------+---------+-----+
|Total                |        0|      2|      192|      326|    0|
+---------------------+---------+-------+---------+---------+-----+
|Available SLR        |     1344|   3008|   869120|   434560|  320|
+---------------------+---------+-------+---------+---------+-----+
|Utilization SLR (%)  |        0|   ~0  |    ~0   |    ~0   |    0|
+---------------------+---------+-------+---------+---------+-----+
|Available            |     4032|   9024|  2607360|  1303680|  960|
+---------------------+---------+-------+---------+---------+-----+
|Utilization (%)      |        0|   ~0  |    ~0   |    ~0   |    0|
+---------------------+---------+-------+---------+---------+-----+

+ Detail: 
    * Instance: 
    N/A

    * DSP48E: 
    N/A

    * Memory: 
    N/A

    * FIFO: 
    N/A

    * Expression: 
    +----------------------------------+----------+-------+---+----+------------+------------+
    |           Variable Name          | Operation| DSP48E| FF| LUT| Bitwidth P0| Bitwidth P1|
    +----------------------------------+----------+-------+---+----+------------+------------+
    |totalIters_fu_131_p2              |     *    |      2|  0|  20|          32|          18|
    |o_fu_153_p2                       |     +    |      0|  0|  32|           1|          32|
    |t_fu_141_p2                       |     +    |      0|  0|  32|          32|           1|
    |ap_block_pp0_stage0_01001         |    and   |      0|  0|   2|           1|           1|
    |ap_predicate_op29_read_state4     |    and   |      0|  0|   2|           1|           1|
    |icmp_ln195_fu_136_p2              |   icmp   |      0|  0|  20|          32|          32|
    |icmp_ln199_fu_147_p2              |   icmp   |      0|  0|  20|          32|           1|
    |icmp_ln210_fu_159_p2              |   icmp   |      0|  0|  20|          32|           2|
    |ap_block_state1                   |    or    |      0|  0|   2|           1|           1|
    |ap_block_state4_pp0_stage0_iter1  |    or    |      0|  0|   2|           1|           1|
    |select_ln210_fu_165_p3            |  select  |      0|  0|  32|           1|           1|
    |ap_enable_pp0                     |    xor   |      0|  0|   2|           1|           2|
    |ap_enable_reg_pp0_iter1           |    xor   |      0|  0|   2|           2|           1|
    +----------------------------------+----------+-------+---+----+------------+------------+
    |Total                             |          |      2|  0| 188|         169|          94|
    +----------------------------------+----------+-------+---+----+------------+------------+

    * Multiplexer: 
    +-----------------------------------+----+-----------+-----+-----------+
    |                Name               | LUT| Input Size| Bits| Total Bits|
    +-----------------------------------+----+-----------+-----+-----------+
    |ap_NS_fsm                          |  27|          5|    1|          5|
    |ap_done                            |   9|          2|    1|          2|
    |ap_enable_reg_pp0_iter1            |  15|          3|    1|          3|
    |ap_phi_mux_p_Val2_s_phi_fu_124_p4  |  15|          3|  128|        384|
    |in_V_V_blk_n                       |   9|          2|    1|          2|
    |numReps_blk_n                      |   9|          2|    1|          2|
    |numReps_out_blk_n                  |   9|          2|    1|          2|
    |o_0_i_reg_99                       |   9|          2|   32|         64|
    |out_V_V_blk_n                      |   9|          2|    1|          2|
    |p_025_0_i_reg_87                   |   9|          2|   64|        128|
    |real_start                         |   9|          2|    1|          2|
    |t_0_i_reg_110                      |   9|          2|   32|         64|
    +-----------------------------------+----+-----------+-----+-----------+
    |Total                              | 138|         29|  264|        660|
    +-----------------------------------+----+-----------+-----+-----------+

    * Register: 
    +-------------------------+----+----+-----+-----------+
    |           Name          | FF | LUT| Bits| Const Bits|
    +-------------------------+----+----+-----+-----------+
    |ap_CS_fsm                |   4|   0|    4|          0|
    |ap_done_reg              |   1|   0|    1|          0|
    |ap_enable_reg_pp0_iter0  |   1|   0|    1|          0|
    |ap_enable_reg_pp0_iter1  |   1|   0|    1|          0|
    |icmp_ln195_reg_203       |   1|   0|    1|          0|
    |icmp_ln199_reg_212       |   1|   0|    1|          0|
    |numReps_read_reg_193     |  32|   0|   32|          0|
    |o_0_i_reg_99             |  32|   0|   32|          0|
    |p_025_0_i_reg_87         |  64|   0|   64|          0|
    |start_once_reg           |   1|   0|    1|          0|
    |t_0_i_reg_110            |  32|   0|   32|          0|
    |totalIters_reg_198       |  22|   0|   32|         10|
    +-------------------------+----+----+-----+-----------+
    |Total                    | 192|   0|  202|         10|
    +-------------------------+----+----+-----+-----------+



================================================================
== Interface
================================================================
* Summary: 
+--------------------+-----+-----+------------+-------------------------+--------------+
|      RTL Ports     | Dir | Bits|  Protocol  |      Source Object      |    C Type    |
+--------------------+-----+-----+------------+-------------------------+--------------+
|ap_clk              |  in |    1| ap_ctrl_hs | StreamingDataWidthCo.18 | return value |
|ap_rst              |  in |    1| ap_ctrl_hs | StreamingDataWidthCo.18 | return value |
|ap_start            |  in |    1| ap_ctrl_hs | StreamingDataWidthCo.18 | return value |
|start_full_n        |  in |    1| ap_ctrl_hs | StreamingDataWidthCo.18 | return value |
|ap_done             | out |    1| ap_ctrl_hs | StreamingDataWidthCo.18 | return value |
|ap_continue         |  in |    1| ap_ctrl_hs | StreamingDataWidthCo.18 | return value |
|ap_idle             | out |    1| ap_ctrl_hs | StreamingDataWidthCo.18 | return value |
|ap_ready            | out |    1| ap_ctrl_hs | StreamingDataWidthCo.18 | return value |
|start_out           | out |    1| ap_ctrl_hs | StreamingDataWidthCo.18 | return value |
|start_write         | out |    1| ap_ctrl_hs | StreamingDataWidthCo.18 | return value |
|in_V_V_dout         |  in |  128|   ap_fifo  |          in_V_V         |    pointer   |
|in_V_V_empty_n      |  in |    1|   ap_fifo  |          in_V_V         |    pointer   |
|in_V_V_read         | out |    1|   ap_fifo  |          in_V_V         |    pointer   |
|out_V_V_din         | out |   64|   ap_fifo  |         out_V_V         |    pointer   |
|out_V_V_full_n      |  in |    1|   ap_fifo  |         out_V_V         |    pointer   |
|out_V_V_write       | out |    1|   ap_fifo  |         out_V_V         |    pointer   |
|numReps_dout        |  in |   32|   ap_fifo  |         numReps         |    pointer   |
|numReps_empty_n     |  in |    1|   ap_fifo  |         numReps         |    pointer   |
|numReps_read        | out |    1|   ap_fifo  |         numReps         |    pointer   |
|numReps_out_din     | out |   32|   ap_fifo  |       numReps_out       |    pointer   |
|numReps_out_full_n  |  in |    1|   ap_fifo  |       numReps_out       |    pointer   |
|numReps_out_write   | out |    1|   ap_fifo  |       numReps_out       |    pointer   |
+--------------------+-----+-----+------------+-------------------------+--------------+

