

================================================================
== Vivado HLS Report for 'SWU556'
================================================================
* Date:           Mon Sep  6 00:44:32 2021

* Version:        2019.2.1 (Build 2724168 on Thu Dec 05 05:19:09 MST 2019)
* Project:        ultranet
* Solution:       solution1
* Product family: virtexuplus
* Target device:  xcu280-fsvh2892-2L-e


================================================================
== Performance Estimates
================================================================
+ Timing: 
    * Summary: 
    +--------+---------+----------+------------+
    |  Clock |  Target | Estimated| Uncertainty|
    +--------+---------+----------+------------+
    |ap_clk  | 5.00 ns | 3.222 ns |   0.62 ns  |
    +--------+---------+----------+------------+

+ Latency: 
    * Summary: 
    +---------+---------+-----------+----------+------+--------+---------+
    |  Latency (cycles) |  Latency (absolute)  |    Interval   | Pipeline|
    |   min   |   max   |    min    |    max   |  min |   max  |   Type  |
    +---------+---------+-----------+----------+------+--------+---------+
    |     6561|   155201| 32.805 us | 0.776 ms |  6561|  155201|   none  |
    +---------+---------+-----------+----------+------+--------+---------+

    + Detail: 
        * Instance: 
        N/A

        * Loop: 
        +-------------+---------+---------+-----------+-----------+-----------+----------+----------+
        |             |  Latency (cycles) | Iteration |  Initiation Interval  |   Trip   |          |
        |  Loop Name  |   min   |   max   |  Latency  |  achieved |   target  |   Count  | Pipelined|
        +-------------+---------+---------+-----------+-----------+-----------+----------+----------+
        |- Loop 1     |     6560|   155200| 164 ~ 485 |          -|          -| 40 ~ 320 |    no    |
        | + Loop 1.1  |      160|      160|          2|          1|          1|       160|    yes   |
        | + Loop 1.2  |      320|      320|          2|          1|          1|       320|    yes   |
        +-------------+---------+---------+-----------+-----------+-----------+----------+----------+



================================================================
== Utilization Estimates
================================================================
* Summary: 
+---------------------+---------+-------+---------+---------+-----+
|         Name        | BRAM_18K| DSP48E|    FF   |   LUT   | URAM|
+---------------------+---------+-------+---------+---------+-----+
|DSP                  |        -|      -|        -|        -|    -|
|Expression           |        -|      -|        0|     1113|    -|
|FIFO                 |        -|      -|        -|        -|    -|
|Instance             |        -|      -|        -|        -|    -|
|Memory               |        8|      -|        0|        0|    0|
|Multiplexer          |        -|      -|        -|      230|    -|
|Register             |        -|      -|      424|        -|    -|
+---------------------+---------+-------+---------+---------+-----+
|Total                |        8|      0|      424|     1343|    0|
+---------------------+---------+-------+---------+---------+-----+
|Available SLR        |     1344|   3008|   869120|   434560|  320|
+---------------------+---------+-------+---------+---------+-----+
|Utilization SLR (%)  |    ~0   |      0|    ~0   |    ~0   |    0|
+---------------------+---------+-------+---------+---------+-----+
|Available            |     4032|   9024|  2607360|  1303680|  960|
+---------------------+---------+-------+---------+---------+-----+
|Utilization (%)      |    ~0   |      0|    ~0   |    ~0   |    0|
+---------------------+---------+-------+---------+---------+-----+

+ Detail: 
    * Instance: 
    N/A

    * DSP48E: 
    N/A

    * Memory: 
    +-----------------+----------------------+---------+---+----+-----+------+-----+------+-------------+
    |      Memory     |        Module        | BRAM_18K| FF| LUT| URAM| Words| Bits| Banks| W*Bits*Banks|
    +-----------------+----------------------+---------+---+----+-----+------+-----+------+-------------+
    |line_buffer_V_U  |SWU556_line_buffebIp  |        8|  0|   0|    0|   320|  256|     1|        81920|
    +-----------------+----------------------+---------+---+----+-----+------+-----+------+-------------+
    |Total            |                      |        8|  0|   0|    0|   320|  256|     1|        81920|
    +-----------------+----------------------+---------+---+----+-----+------+-----+------+-------------+

    * FIFO: 
    N/A

    * Expression: 
    +----------------------------------+----------+-------+---+----+------------+------------+
    |           Variable Name          | Operation| DSP48E| FF| LUT| Bitwidth P0| Bitwidth P1|
    +----------------------------------+----------+-------+---+----+------------+------------+
    |add_ln39_fu_297_p2                |     +    |      0|  0|  32|          32|          32|
    |add_ln47_fu_340_p2                |     +    |      0|  0|  32|          32|           1|
    |add_ln68_fu_403_p2                |     +    |      0|  0|  32|          32|           1|
    |add_ln98_4_fu_508_p2              |     +    |      0|  0|  32|          32|          32|
    |add_ln98_5_fu_514_p2              |     +    |      0|  0|  32|          32|          32|
    |add_ln98_fu_502_p2                |     +    |      0|  0|  32|          32|          32|
    |i_fu_478_p2                       |     +    |      0|  0|   9|           9|           1|
    |line_buffer_pointer_3_fu_381_p2   |     +    |      0|  0|  32|          32|          10|
    |line_buffer_pointer_fu_370_p2     |     +    |      0|  0|  32|          32|          32|
    |pointer_2_fu_427_p2               |     +    |      0|  0|  32|          32|           9|
    |pointer_fu_416_p2                 |     +    |      0|  0|  32|          32|           8|
    |read_address_3_fu_531_p2          |     +    |      0|  0|  32|          10|          32|
    |read_address_fu_519_p2            |     +    |      0|  0|  32|          32|          32|
    |rep_fu_308_p2                     |     +    |      0|  0|  32|          32|           1|
    |s_fu_574_p2                       |     +    |      0|  0|  32|           1|          32|
    |w_fu_360_p2                       |     +    |      0|  0|   8|           8|           1|
    |x_fu_562_p2                       |     +    |      0|  0|  32|           1|          32|
    |y_fu_588_p2                       |     +    |      0|  0|  32|           1|          32|
    |and_ln110_fu_594_p2               |    and   |      0|  0|   2|           1|           1|
    |and_ln41_fu_326_p2                |    and   |      0|  0|   2|           1|           1|
    |and_ln88_fu_461_p2                |    and   |      0|  0|   2|           1|           1|
    |ap_block_pp0_stage0_11001         |    and   |      0|  0|   2|           1|           1|
    |ap_block_pp1_stage0_01001         |    and   |      0|  0|   2|           1|           1|
    |ap_block_state4_pp0_stage0_iter1  |    and   |      0|  0|   2|           1|           1|
    |ap_block_state7_pp1_stage0_iter1  |    and   |      0|  0|   2|           1|           1|
    |icmp_ln100_fu_525_p2              |   icmp   |      0|  0|  20|          32|           9|
    |icmp_ln108_fu_550_p2              |   icmp   |      0|  0|  20|          32|           1|
    |icmp_ln110_fu_556_p2              |   icmp   |      0|  0|  20|          32|           1|
    |icmp_ln112_fu_568_p2              |   icmp   |      0|  0|  20|          32|           7|
    |icmp_ln39_fu_303_p2               |   icmp   |      0|  0|  20|          32|          32|
    |icmp_ln41_fu_314_p2               |   icmp   |      0|  0|  20|          32|           7|
    |icmp_ln53_fu_354_p2               |   icmp   |      0|  0|  11|           8|           8|
    |icmp_ln59_fu_375_p2               |   icmp   |      0|  0|  20|          32|           9|
    |icmp_ln70_fu_421_p2               |   icmp   |      0|  0|  20|          32|           9|
    |icmp_ln88_fu_455_p2               |   icmp   |      0|  0|  20|          31|           1|
    |icmp_ln95_fu_472_p2               |   icmp   |      0|  0|  13|           9|           9|
    |ap_block_state1                   |    or    |      0|  0|   2|           1|           1|
    |or_ln70_fu_432_p2                 |    or    |      0|  0|   2|           1|           1|
    |h_fu_346_p3                       |  select  |      0|  0|  32|           1|           1|
    |line_buffer_pointer_4_fu_387_p3   |  select  |      0|  0|  32|           1|          32|
    |read_address_4_fu_537_p3          |  select  |      0|  0|  32|           1|          32|
    |s_12_fu_580_p3                    |  select  |      0|  0|  32|           1|           1|
    |s_14_fu_600_p3                    |  select  |      0|  0|  32|           1|          32|
    |select_ln108_fu_616_p3            |  select  |      0|  0|  32|           1|          32|
    |select_ln110_2_fu_624_p3          |  select  |      0|  0|  32|           1|           1|
    |select_ln110_fu_608_p3            |  select  |      0|  0|  32|           1|           1|
    |select_ln41_fu_332_p3             |  select  |      0|  0|  32|           1|           1|
    |select_ln70_fu_437_p3             |  select  |      0|  0|  32|           1|          32|
    |stride_2_fu_409_p3                |  select  |      0|  0|  32|           1|           1|
    |ap_enable_pp0                     |    xor   |      0|  0|   2|           1|           2|
    |ap_enable_pp1                     |    xor   |      0|  0|   2|           1|           2|
    |ap_enable_reg_pp0_iter1           |    xor   |      0|  0|   2|           2|           1|
    |ap_enable_reg_pp1_iter1           |    xor   |      0|  0|   2|           2|           1|
    |xor_ln41_fu_320_p2                |    xor   |      0|  0|   2|           1|           2|
    +----------------------------------+----------+-------+---+----+------------+------------+
    |Total                             |          |      0|  0|1113|         745|         628|
    +----------------------------------+----------+-------+---+----+------------+------------+

    * Multiplexer: 
    +------------------------------------+----+-----------+-----+-----------+
    |                Name                | LUT| Input Size| Bits| Total Bits|
    +------------------------------------+----+-----------+-----+-----------+
    |ap_NS_fsm                           |  38|          7|    1|          7|
    |ap_done                             |   9|          2|    1|          2|
    |ap_enable_reg_pp0_iter1             |  15|          3|    1|          3|
    |ap_enable_reg_pp1_iter1             |  15|          3|    1|          3|
    |ap_phi_mux_w_0_i_i_i_phi_fu_228_p4  |   9|          2|    8|         16|
    |h_0_i_i_i_reg_202                   |   9|          2|   32|         64|
    |i_0_i_i_i_reg_269                   |   9|          2|    9|         18|
    |in_V_V_blk_n                        |   9|          2|    1|          2|
    |p_040_0_i_i_i_reg_180               |   9|          2|    1|          2|
    |pointer_0_i_i_i_reg_191             |   9|          2|   32|         64|
    |real_start                          |   9|          2|    1|          2|
    |rep_0_i_i_i_reg_213                 |   9|          2|   32|         64|
    |reps_blk_n                          |   9|          2|    1|          2|
    |reps_c_i_blk_n                      |   9|          2|    1|          2|
    |reps_out_blk_n                      |   9|          2|    1|          2|
    |s_13_reg_236                        |   9|          2|   32|         64|
    |stride_fu_112                       |   9|          2|   32|         64|
    |swu_out_V_V_blk_n                   |   9|          2|    1|          2|
    |w_0_i_i_i_reg_224                   |   9|          2|    8|         16|
    |x_0_i_i_i_reg_247                   |   9|          2|   32|         64|
    |y_0_i_i_i_reg_258                   |   9|          2|   32|         64|
    +------------------------------------+----+-----------+-----+-----------+
    |Total                               | 230|         49|  260|        527|
    +------------------------------------+----+-----------+-----+-----------+

    * Register: 
    +-------------------------+----+----+-----+-----------+
    |           Name          | FF | LUT| Bits| Const Bits|
    +-------------------------+----+----+-----+-----------+
    |add_ln39_reg_639         |  28|   0|   32|          4|
    |and_ln41_reg_658         |   1|   0|    1|          0|
    |and_ln88_reg_695         |   1|   0|    1|          0|
    |ap_CS_fsm                |   6|   0|    6|          0|
    |ap_done_reg              |   1|   0|    1|          0|
    |ap_enable_reg_pp0_iter0  |   1|   0|    1|          0|
    |ap_enable_reg_pp0_iter1  |   1|   0|    1|          0|
    |ap_enable_reg_pp1_iter0  |   1|   0|    1|          0|
    |ap_enable_reg_pp1_iter1  |   1|   0|    1|          0|
    |h_0_i_i_i_reg_202        |  32|   0|   32|          0|
    |h_reg_670                |  32|   0|   32|          0|
    |i_0_i_i_i_reg_269        |   9|   0|    9|          0|
    |icmp_ln41_reg_653        |   1|   0|    1|          0|
    |icmp_ln53_reg_675        |   1|   0|    1|          0|
    |icmp_ln95_reg_699        |   1|   0|    1|          0|
    |or_ln70_reg_684          |   1|   0|    1|          0|
    |p_040_0_i_i_i_reg_180    |   1|   0|    1|          0|
    |pointer_0_i_i_i_reg_191  |  32|   0|   32|          0|
    |rep_0_i_i_i_reg_213      |  32|   0|   32|          0|
    |rep_reg_648              |  32|   0|   32|          0|
    |s_13_reg_236             |  32|   0|   32|          0|
    |select_ln41_reg_663      |  32|   0|   32|          0|
    |select_ln70_reg_689      |  32|   0|   32|          0|
    |start_once_reg           |   1|   0|    1|          0|
    |stride_fu_112            |  32|   0|   32|          0|
    |w_0_i_i_i_reg_224        |   8|   0|    8|          0|
    |w_reg_679                |   8|   0|    8|          0|
    |x_0_i_i_i_reg_247        |  32|   0|   32|          0|
    |y_0_i_i_i_reg_258        |  32|   0|   32|          0|
    +-------------------------+----+----+-----+-----------+
    |Total                    | 424|   0|  428|          4|
    +-------------------------+----+----+-----+-----------+



================================================================
== Interface
================================================================
* Summary: 
+--------------------+-----+-----+------------+--------------+--------------+
|      RTL Ports     | Dir | Bits|  Protocol  | Source Object|    C Type    |
+--------------------+-----+-----+------------+--------------+--------------+
|ap_clk              |  in |    1| ap_ctrl_hs |    SWU556    | return value |
|ap_rst              |  in |    1| ap_ctrl_hs |    SWU556    | return value |
|ap_start            |  in |    1| ap_ctrl_hs |    SWU556    | return value |
|start_full_n        |  in |    1| ap_ctrl_hs |    SWU556    | return value |
|ap_done             | out |    1| ap_ctrl_hs |    SWU556    | return value |
|ap_continue         |  in |    1| ap_ctrl_hs |    SWU556    | return value |
|ap_idle             | out |    1| ap_ctrl_hs |    SWU556    | return value |
|ap_ready            | out |    1| ap_ctrl_hs |    SWU556    | return value |
|start_out           | out |    1| ap_ctrl_hs |    SWU556    | return value |
|start_write         | out |    1| ap_ctrl_hs |    SWU556    | return value |
|reps_dout           |  in |   32|   ap_fifo  |     reps     |    pointer   |
|reps_empty_n        |  in |    1|   ap_fifo  |     reps     |    pointer   |
|reps_read           | out |    1|   ap_fifo  |     reps     |    pointer   |
|reps_out_din        | out |   32|   ap_fifo  |   reps_out   |    pointer   |
|reps_out_full_n     |  in |    1|   ap_fifo  |   reps_out   |    pointer   |
|reps_out_write      | out |    1|   ap_fifo  |   reps_out   |    pointer   |
|in_V_V_dout         |  in |  256|   ap_fifo  |    in_V_V    |    pointer   |
|in_V_V_empty_n      |  in |    1|   ap_fifo  |    in_V_V    |    pointer   |
|in_V_V_read         | out |    1|   ap_fifo  |    in_V_V    |    pointer   |
|swu_out_V_V_din     | out |  256|   ap_fifo  |  swu_out_V_V |    pointer   |
|swu_out_V_V_full_n  |  in |    1|   ap_fifo  |  swu_out_V_V |    pointer   |
|swu_out_V_V_write   | out |    1|   ap_fifo  |  swu_out_V_V |    pointer   |
|reps_c_i_din        | out |   32|   ap_fifo  |   reps_c_i   |    pointer   |
|reps_c_i_full_n     |  in |    1|   ap_fifo  |   reps_c_i   |    pointer   |
|reps_c_i_write      | out |    1|   ap_fifo  |   reps_c_i   |    pointer   |
+--------------------+-----+-----+------------+--------------+--------------+

